<?xml version='1.0' encoding='UTF-8'?>
<robot generator="robotic-adapter" generated="20250906 12:26:45.904"><suite name="Pytest Suite"><doc>Suite generated by robotic adapter for Pytest Suite</doc><test name="tests/examples/pytest/tests/test_api.py::TestAuthentication::test_successful_login"><status status="PASS" starttime="20250906 14:26:45.765" endtime="20250906 14:26:45.766" /></test><test name="tests/examples/pytest/tests/test_api.py::TestAuthentication::test_failed_login"><status status="PASS" starttime="20250906 14:26:45.766" endtime="20250906 14:26:45.766" /></test><test name="tests/examples/pytest/tests/test_api.py::TestAuthentication::test_login_edge_cases[-secret]"><status status="PASS" starttime="20250906 14:26:45.766" endtime="20250906 14:26:45.766" /></test><test name="tests/examples/pytest/tests/test_api.py::TestAuthentication::test_login_edge_cases[admin-]"><status status="PASS" starttime="20250906 14:26:45.766" endtime="20250906 14:26:45.767" /></test><test name="tests/examples/pytest/tests/test_api.py::TestAuthentication::test_login_edge_cases[-]"><status status="PASS" starttime="20250906 14:26:45.767" endtime="20250906 14:26:45.767" /></test><test name="tests/examples/pytest/tests/test_api.py::TestAuthentication::test_login_edge_cases[user-wrong]"><status status="PASS" starttime="20250906 14:26:45.767" endtime="20250906 14:26:45.767" /></test><test name="tests/examples/pytest/tests/test_api.py::TestUserOperations::test_get_existing_user"><status status="PASS" starttime="20250906 14:26:45.767" endtime="20250906 14:26:45.768" /></test><test name="tests/examples/pytest/tests/test_api.py::TestUserOperations::test_get_nonexistent_user"><status status="PASS" starttime="20250906 14:26:45.768" endtime="20250906 14:26:45.768" /></test><test name="tests/examples/pytest/tests/test_api.py::TestUserOperations::test_get_user_unauthorized"><status status="PASS" starttime="20250906 14:26:45.768" endtime="20250906 14:26:45.768" /></test><test name="tests/examples/pytest/tests/test_api.py::TestUserOperations::test_create_user_success"><status status="PASS" starttime="20250906 14:26:45.768" endtime="20250906 14:26:45.768" /></test><test name="tests/examples/pytest/tests/test_api.py::TestUserOperations::test_create_user_missing_fields"><status status="PASS" starttime="20250906 14:26:45.768" endtime="20250906 14:26:45.769" /></test><test name="tests/examples/pytest/tests/test_api.py::TestUserOperations::test_create_user_unauthorized"><status status="PASS" starttime="20250906 14:26:45.769" endtime="20250906 14:26:45.769" /></test><test name="tests/examples/pytest/tests/test_api.py::TestIntegrationScenarios::test_full_user_workflow"><status status="PASS" starttime="20250906 14:26:45.770" endtime="20250906 14:26:45.770" /></test><test name="tests/examples/pytest/tests/test_calculator.py::TestBasicOperations::test_addition"><status status="PASS" starttime="20250906 14:26:45.770" endtime="20250906 14:26:45.771" /></test><test name="tests/examples/pytest/tests/test_calculator.py::TestBasicOperations::test_subtraction"><status status="PASS" starttime="20250906 14:26:45.771" endtime="20250906 14:26:45.771" /></test><test name="tests/examples/pytest/tests/test_calculator.py::TestBasicOperations::test_multiplication"><status status="PASS" starttime="20250906 14:26:45.771" endtime="20250906 14:26:45.771" /></test><test name="tests/examples/pytest/tests/test_calculator.py::TestBasicOperations::test_division"><status status="PASS" starttime="20250906 14:26:45.771" endtime="20250906 14:26:45.771" /></test><test name="tests/examples/pytest/tests/test_calculator.py::TestBasicOperations::test_division_by_zero"><status status="PASS" starttime="20250906 14:26:45.771" endtime="20250906 14:26:45.772" /></test><test name="tests/examples/pytest/tests/test_calculator.py::TestEdgeCases::test_negative_numbers"><status status="PASS" starttime="20250906 14:26:45.772" endtime="20250906 14:26:45.772" /></test><test name="tests/examples/pytest/tests/test_calculator.py::TestEdgeCases::test_decimal_numbers"><status status="PASS" starttime="20250906 14:26:45.772" endtime="20250906 14:26:45.772" /></test><test name="tests/examples/pytest/tests/test_calculator.py::TestEdgeCases::test_addition_parametrized[1-1-2]"><status status="PASS" starttime="20250906 14:26:45.773" endtime="20250906 14:26:45.773" /></test><test name="tests/examples/pytest/tests/test_calculator.py::TestEdgeCases::test_addition_parametrized[0-5-5]"><status status="PASS" starttime="20250906 14:26:45.773" endtime="20250906 14:26:45.773" /></test><test name="tests/examples/pytest/tests/test_calculator.py::TestEdgeCases::test_addition_parametrized[-1-1-0]"><status status="PASS" starttime="20250906 14:26:45.773" endtime="20250906 14:26:45.773" /></test><test name="tests/examples/pytest/tests/test_calculator.py::TestEdgeCases::test_addition_parametrized[100-200-300]"><status status="PASS" starttime="20250906 14:26:45.774" endtime="20250906 14:26:45.774" /></test><test name="tests/examples/pytest/tests/test_calculator.py::TestPerformance::test_large_numbers"><status status="PASS" starttime="20250906 14:26:45.774" endtime="20250906 14:26:45.774" /></test><test name="tests/examples/pytest/tests/test_calculator.py::TestPerformance::test_many_operations"><status status="PASS" starttime="20250906 14:26:45.774" endtime="20250906 14:26:45.775" /></test><test name="tests/examples/pytest/tests/test_pytest_examples.py::TestBasicMath::test_addition"><status status="PASS" starttime="20250906 14:26:45.775" endtime="20250906 14:26:45.775" /></test><test name="tests/examples/pytest/tests/test_pytest_examples.py::TestBasicMath::test_subtraction"><status status="PASS" starttime="20250906 14:26:45.775" endtime="20250906 14:26:45.775" /></test><test name="tests/examples/pytest/tests/test_pytest_examples.py::TestBasicMath::test_multiplication"><status status="PASS" starttime="20250906 14:26:45.775" endtime="20250906 14:26:45.776" /></test><test name="tests/examples/pytest/tests/test_pytest_examples.py::TestBasicMath::test_division"><status status="PASS" starttime="20250906 14:26:45.776" endtime="20250906 14:26:45.776" /></test><test name="tests/examples/pytest/tests/test_pytest_examples.py::TestStringOperations::test_string_concatenation"><status status="PASS" starttime="20250906 14:26:45.776" endtime="20250906 14:26:45.776" /></test><test name="tests/examples/pytest/tests/test_pytest_examples.py::TestStringOperations::test_string_methods"><status status="PASS" starttime="20250906 14:26:45.776" endtime="20250906 14:26:45.776" /></test><test name="tests/examples/pytest/tests/test_pytest_examples.py::TestStringOperations::test_string_length[hello-5]"><status status="PASS" starttime="20250906 14:26:45.776" endtime="20250906 14:26:45.777" /></test><test name="tests/examples/pytest/tests/test_pytest_examples.py::TestStringOperations::test_string_length[world-5]"><status status="PASS" starttime="20250906 14:26:45.777" endtime="20250906 14:26:45.777" /></test><test name="tests/examples/pytest/tests/test_pytest_examples.py::TestStringOperations::test_string_length[-0]"><status status="PASS" starttime="20250906 14:26:45.777" endtime="20250906 14:26:45.777" /></test><test name="tests/examples/pytest/tests/test_pytest_examples.py::TestStringOperations::test_string_length[test123-7]"><status status="PASS" starttime="20250906 14:26:45.777" endtime="20250906 14:26:45.777" /></test><test name="tests/examples/pytest/tests/test_pytest_examples.py::TestListOperations::test_list_creation"><status status="PASS" starttime="20250906 14:26:45.778" endtime="20250906 14:26:45.778" /></test><test name="tests/examples/pytest/tests/test_pytest_examples.py::TestListOperations::test_list_append"><status status="PASS" starttime="20250906 14:26:45.778" endtime="20250906 14:26:45.778" /></test><test name="tests/examples/pytest/tests/test_pytest_examples.py::TestListOperations::test_list_extend"><status status="PASS" starttime="20250906 14:26:45.778" endtime="20250906 14:26:45.778" /></test><test name="tests/examples/pytest/tests/test_pytest_examples.py::TestSlowOperations::test_slow_computation"><status status="PASS" starttime="20250906 14:26:45.778" endtime="20250906 14:26:45.881" /></test><test name="tests/examples/pytest/tests/test_pytest_examples.py::TestFailures::test_expected_failure"><status status="SKIP" starttime="20250906 14:26:45.881" endtime="20250906 14:26:45.901" /></test><test name="tests/examples/pytest/tests/test_pytest_examples.py::test_standalone_function"><status status="PASS" starttime="20250906 14:26:45.901" endtime="20250906 14:26:45.902" /></test><status status="PASS" starttime="20250906 14:26:45.765" endtime="20250906 14:26:45.902" /></suite><statistics><total><stat pass="41" fail="0" skip="1" id="s1" label="Pytest Suite">Pytest Suite</stat></total></statistics></robot>