<?xml version='1.0' encoding='UTF-8'?>
<robot generator="robotic-adapter" generated="20250906 12:01:29.195"><suite name="Pytest Test Suite - pytest"><doc>Suite generated by robotic adapter for Pytest Test Suite - pytest</doc><test name="tests/examples/pytest/tests/test_pytest_examples.py::TestBasicMath::test_addition"><status status="PASS" starttime="20250906 14:01:29.066" endtime="20250906 14:01:29.066" /></test><test name="tests/examples/pytest/tests/test_pytest_examples.py::TestBasicMath::test_subtraction"><status status="PASS" starttime="20250906 14:01:29.066" endtime="20250906 14:01:29.067" /></test><test name="tests/examples/pytest/tests/test_pytest_examples.py::TestBasicMath::test_multiplication"><status status="PASS" starttime="20250906 14:01:29.067" endtime="20250906 14:01:29.067" /></test><test name="tests/examples/pytest/tests/test_pytest_examples.py::TestBasicMath::test_division"><status status="PASS" starttime="20250906 14:01:29.067" endtime="20250906 14:01:29.067" /></test><test name="tests/examples/pytest/tests/test_pytest_examples.py::TestStringOperations::test_string_concatenation"><status status="PASS" starttime="20250906 14:01:29.067" endtime="20250906 14:01:29.067" /></test><test name="tests/examples/pytest/tests/test_pytest_examples.py::TestStringOperations::test_string_methods"><status status="PASS" starttime="20250906 14:01:29.067" endtime="20250906 14:01:29.068" /></test><test name="tests/examples/pytest/tests/test_pytest_examples.py::TestStringOperations::test_string_length[hello-5]"><status status="PASS" starttime="20250906 14:01:29.068" endtime="20250906 14:01:29.068" /></test><test name="tests/examples/pytest/tests/test_pytest_examples.py::TestStringOperations::test_string_length[world-5]"><status status="PASS" starttime="20250906 14:01:29.068" endtime="20250906 14:01:29.068" /></test><test name="tests/examples/pytest/tests/test_pytest_examples.py::TestStringOperations::test_string_length[-0]"><status status="PASS" starttime="20250906 14:01:29.068" endtime="20250906 14:01:29.069" /></test><test name="tests/examples/pytest/tests/test_pytest_examples.py::TestStringOperations::test_string_length[test123-7]"><status status="PASS" starttime="20250906 14:01:29.069" endtime="20250906 14:01:29.069" /></test><test name="tests/examples/pytest/tests/test_pytest_examples.py::TestListOperations::test_list_creation"><status status="PASS" starttime="20250906 14:01:29.069" endtime="20250906 14:01:29.069" /></test><test name="tests/examples/pytest/tests/test_pytest_examples.py::TestListOperations::test_list_append"><status status="PASS" starttime="20250906 14:01:29.069" endtime="20250906 14:01:29.069" /></test><test name="tests/examples/pytest/tests/test_pytest_examples.py::TestListOperations::test_list_extend"><status status="PASS" starttime="20250906 14:01:29.069" endtime="20250906 14:01:29.070" /></test><test name="tests/examples/pytest/tests/test_pytest_examples.py::TestSlowOperations::test_slow_computation"><status status="PASS" starttime="20250906 14:01:29.070" endtime="20250906 14:01:29.175" /></test><test name="tests/examples/pytest/tests/test_pytest_examples.py::TestFailures::test_expected_failure"><status status="SKIP" starttime="20250906 14:01:29.175" endtime="20250906 14:01:29.194" /></test><test name="tests/examples/pytest/tests/test_pytest_examples.py::test_standalone_function"><status status="PASS" starttime="20250906 14:01:29.194" endtime="20250906 14:01:29.195" /></test><status status="PASS" starttime="20250906 14:01:29.066" endtime="20250906 14:01:29.195" /></suite><statistics><total><stat pass="15" fail="0" skip="1" id="s1" label="Pytest Test Suite - pytest">Pytest Test Suite - pytest</stat></total></statistics></robot>