<?xml version='1.0' encoding='UTF-8'?>
<robot generator="robotic-adapter" generated="20250906 12:24:52.864"><suite name="Pytest Suite"><doc>Suite generated by robotic adapter for Pytest Suite</doc><test name="tests/examples/pytest/tests/test_api.py::TestAuthentication::test_successful_login"><status status="PASS" starttime="20250906 14:24:52.726" endtime="20250906 14:24:52.727" /></test><test name="tests/examples/pytest/tests/test_api.py::TestAuthentication::test_failed_login"><status status="PASS" starttime="20250906 14:24:52.727" endtime="20250906 14:24:52.727" /></test><test name="tests/examples/pytest/tests/test_api.py::TestAuthentication::test_login_edge_cases[-secret]"><status status="PASS" starttime="20250906 14:24:52.727" endtime="20250906 14:24:52.728" /></test><test name="tests/examples/pytest/tests/test_api.py::TestAuthentication::test_login_edge_cases[admin-]"><status status="PASS" starttime="20250906 14:24:52.728" endtime="20250906 14:24:52.728" /></test><test name="tests/examples/pytest/tests/test_api.py::TestAuthentication::test_login_edge_cases[-]"><status status="PASS" starttime="20250906 14:24:52.728" endtime="20250906 14:24:52.728" /></test><test name="tests/examples/pytest/tests/test_api.py::TestAuthentication::test_login_edge_cases[user-wrong]"><status status="PASS" starttime="20250906 14:24:52.729" endtime="20250906 14:24:52.729" /></test><test name="tests/examples/pytest/tests/test_api.py::TestUserOperations::test_get_existing_user"><status status="PASS" starttime="20250906 14:24:52.729" endtime="20250906 14:24:52.729" /></test><test name="tests/examples/pytest/tests/test_api.py::TestUserOperations::test_get_nonexistent_user"><status status="PASS" starttime="20250906 14:24:52.729" endtime="20250906 14:24:52.729" /></test><test name="tests/examples/pytest/tests/test_api.py::TestUserOperations::test_get_user_unauthorized"><status status="PASS" starttime="20250906 14:24:52.730" endtime="20250906 14:24:52.730" /></test><test name="tests/examples/pytest/tests/test_api.py::TestUserOperations::test_create_user_success"><status status="PASS" starttime="20250906 14:24:52.730" endtime="20250906 14:24:52.730" /></test><test name="tests/examples/pytest/tests/test_api.py::TestUserOperations::test_create_user_missing_fields"><status status="PASS" starttime="20250906 14:24:52.730" endtime="20250906 14:24:52.731" /></test><test name="tests/examples/pytest/tests/test_api.py::TestUserOperations::test_create_user_unauthorized"><status status="PASS" starttime="20250906 14:24:52.731" endtime="20250906 14:24:52.731" /></test><test name="tests/examples/pytest/tests/test_api.py::TestIntegrationScenarios::test_full_user_workflow"><status status="PASS" starttime="20250906 14:24:52.731" endtime="20250906 14:24:52.731" /></test><test name="tests/examples/pytest/tests/test_calculator.py::TestBasicOperations::test_addition"><status status="PASS" starttime="20250906 14:24:52.731" endtime="20250906 14:24:52.732" /></test><test name="tests/examples/pytest/tests/test_calculator.py::TestBasicOperations::test_subtraction"><status status="PASS" starttime="20250906 14:24:52.732" endtime="20250906 14:24:52.732" /></test><test name="tests/examples/pytest/tests/test_calculator.py::TestBasicOperations::test_multiplication"><status status="PASS" starttime="20250906 14:24:52.732" endtime="20250906 14:24:52.732" /></test><test name="tests/examples/pytest/tests/test_calculator.py::TestBasicOperations::test_division"><status status="PASS" starttime="20250906 14:24:52.733" endtime="20250906 14:24:52.733" /></test><test name="tests/examples/pytest/tests/test_calculator.py::TestBasicOperations::test_division_by_zero"><status status="PASS" starttime="20250906 14:24:52.733" endtime="20250906 14:24:52.733" /></test><test name="tests/examples/pytest/tests/test_calculator.py::TestEdgeCases::test_negative_numbers"><status status="PASS" starttime="20250906 14:24:52.733" endtime="20250906 14:24:52.734" /></test><test name="tests/examples/pytest/tests/test_calculator.py::TestEdgeCases::test_decimal_numbers"><status status="PASS" starttime="20250906 14:24:52.734" endtime="20250906 14:24:52.734" /></test><test name="tests/examples/pytest/tests/test_calculator.py::TestEdgeCases::test_addition_parametrized[1-1-2]"><status status="PASS" starttime="20250906 14:24:52.734" endtime="20250906 14:24:52.734" /></test><test name="tests/examples/pytest/tests/test_calculator.py::TestEdgeCases::test_addition_parametrized[0-5-5]"><status status="PASS" starttime="20250906 14:24:52.735" endtime="20250906 14:24:52.735" /></test><test name="tests/examples/pytest/tests/test_calculator.py::TestEdgeCases::test_addition_parametrized[-1-1-0]"><status status="PASS" starttime="20250906 14:24:52.735" endtime="20250906 14:24:52.735" /></test><test name="tests/examples/pytest/tests/test_calculator.py::TestEdgeCases::test_addition_parametrized[100-200-300]"><status status="PASS" starttime="20250906 14:24:52.735" endtime="20250906 14:24:52.736" /></test><test name="tests/examples/pytest/tests/test_calculator.py::TestPerformance::test_large_numbers"><status status="PASS" starttime="20250906 14:24:52.736" endtime="20250906 14:24:52.736" /></test><test name="tests/examples/pytest/tests/test_calculator.py::TestPerformance::test_many_operations"><status status="PASS" starttime="20250906 14:24:52.736" endtime="20250906 14:24:52.737" /></test><test name="tests/examples/pytest/tests/test_pytest_examples.py::TestBasicMath::test_addition"><status status="PASS" starttime="20250906 14:24:52.737" endtime="20250906 14:24:52.737" /></test><test name="tests/examples/pytest/tests/test_pytest_examples.py::TestBasicMath::test_subtraction"><status status="PASS" starttime="20250906 14:24:52.737" endtime="20250906 14:24:52.737" /></test><test name="tests/examples/pytest/tests/test_pytest_examples.py::TestBasicMath::test_multiplication"><status status="PASS" starttime="20250906 14:24:52.737" endtime="20250906 14:24:52.738" /></test><test name="tests/examples/pytest/tests/test_pytest_examples.py::TestBasicMath::test_division"><status status="PASS" starttime="20250906 14:24:52.738" endtime="20250906 14:24:52.738" /></test><test name="tests/examples/pytest/tests/test_pytest_examples.py::TestStringOperations::test_string_concatenation"><status status="PASS" starttime="20250906 14:24:52.738" endtime="20250906 14:24:52.738" /></test><test name="tests/examples/pytest/tests/test_pytest_examples.py::TestStringOperations::test_string_methods"><status status="PASS" starttime="20250906 14:24:52.738" endtime="20250906 14:24:52.738" /></test><test name="tests/examples/pytest/tests/test_pytest_examples.py::TestStringOperations::test_string_length[hello-5]"><status status="PASS" starttime="20250906 14:24:52.738" endtime="20250906 14:24:52.739" /></test><test name="tests/examples/pytest/tests/test_pytest_examples.py::TestStringOperations::test_string_length[world-5]"><status status="PASS" starttime="20250906 14:24:52.739" endtime="20250906 14:24:52.739" /></test><test name="tests/examples/pytest/tests/test_pytest_examples.py::TestStringOperations::test_string_length[-0]"><status status="PASS" starttime="20250906 14:24:52.739" endtime="20250906 14:24:52.739" /></test><test name="tests/examples/pytest/tests/test_pytest_examples.py::TestStringOperations::test_string_length[test123-7]"><status status="PASS" starttime="20250906 14:24:52.740" endtime="20250906 14:24:52.740" /></test><test name="tests/examples/pytest/tests/test_pytest_examples.py::TestListOperations::test_list_creation"><status status="PASS" starttime="20250906 14:24:52.740" endtime="20250906 14:24:52.740" /></test><test name="tests/examples/pytest/tests/test_pytest_examples.py::TestListOperations::test_list_append"><status status="PASS" starttime="20250906 14:24:52.740" endtime="20250906 14:24:52.741" /></test><test name="tests/examples/pytest/tests/test_pytest_examples.py::TestListOperations::test_list_extend"><status status="PASS" starttime="20250906 14:24:52.741" endtime="20250906 14:24:52.741" /></test><test name="tests/examples/pytest/tests/test_pytest_examples.py::TestSlowOperations::test_slow_computation"><status status="PASS" starttime="20250906 14:24:52.741" endtime="20250906 14:24:52.847" /></test><test name="tests/examples/pytest/tests/test_pytest_examples.py::TestFailures::test_expected_failure"><status status="SKIP" starttime="20250906 14:24:52.847" endtime="20250906 14:24:52.862" /></test><test name="tests/examples/pytest/tests/test_pytest_examples.py::test_standalone_function"><status status="PASS" starttime="20250906 14:24:52.863" endtime="20250906 14:24:52.863" /></test><status status="PASS" starttime="20250906 14:24:52.726" endtime="20250906 14:24:52.863" /></suite><statistics><total><stat pass="41" fail="0" skip="1" id="s1" label="Pytest Suite">Pytest Suite</stat></total></statistics></robot>