<?xml version="1.0" encoding="UTF-8"?>
<robot generator="Robot 7.3.2 (Python 3.12.8 on darwin)" generated="2025-09-06T16:07:30.676187" rpa="false" schemaversion="5">
<suite id="s1" name="Robot Test Suite - examples" source="/Users/felix/Desktop/42/1_Sprints/hands/tests/examples">
<suite id="s1-s1" name="Robot" source="/Users/felix/Desktop/42/1_Sprints/hands/tests/examples/robot">
<suite id="s1-s1-s1" name="Robot Examples" source="/Users/felix/Desktop/42/1_Sprints/hands/tests/examples/robot/robot_examples.robot">
<test id="s1-s1-s1-t1" name="Test Basic Addition" line="12">
<kw name="Evaluate" owner="BuiltIn">
<msg time="2025-09-06T16:07:30.700874" level="INFO">${result} = 5</msg>
<var>${result}</var>
<arg>2 + 3</arg>
<doc>Evaluates the given expression in Python and returns the result.</doc>
<status status="PASS" start="2025-09-06T16:07:30.700751" elapsed="0.000143"/>
</kw>
<kw name="Should Be Equal As Numbers" owner="BuiltIn">
<msg time="2025-09-06T16:07:30.701052" level="INFO">Argument types are:
&lt;class 'int'&gt;
&lt;class 'str'&gt;</msg>
<arg>${result}</arg>
<arg>5</arg>
<doc>Fails if objects are unequal after converting them to real numbers.</doc>
<status status="PASS" start="2025-09-06T16:07:30.700976" elapsed="0.000109"/>
</kw>
<doc>Test that basic addition works correctly</doc>
<tag>basic</tag>
<tag>math</tag>
<status status="PASS" start="2025-09-06T16:07:30.700252" elapsed="0.000900"/>
</test>
<test id="s1-s1-s1-t2" name="Test Basic Subtraction" line="18">
<kw name="Evaluate" owner="BuiltIn">
<msg time="2025-09-06T16:07:30.701466" level="INFO">${result} = 6</msg>
<var>${result}</var>
<arg>10 - 4</arg>
<doc>Evaluates the given expression in Python and returns the result.</doc>
<status status="PASS" start="2025-09-06T16:07:30.701394" elapsed="0.000084"/>
</kw>
<kw name="Should Be Equal As Numbers" owner="BuiltIn">
<msg time="2025-09-06T16:07:30.701584" level="INFO">Argument types are:
&lt;class 'int'&gt;
&lt;class 'str'&gt;</msg>
<arg>${result}</arg>
<arg>6</arg>
<doc>Fails if objects are unequal after converting them to real numbers.</doc>
<status status="PASS" start="2025-09-06T16:07:30.701532" elapsed="0.000075"/>
</kw>
<doc>Test that basic subtraction works correctly</doc>
<tag>basic</tag>
<tag>math</tag>
<status status="PASS" start="2025-09-06T16:07:30.701244" elapsed="0.000416"/>
</test>
<test id="s1-s1-s1-t3" name="Test Basic Multiplication" line="24">
<kw name="Evaluate" owner="BuiltIn">
<msg time="2025-09-06T16:07:30.701941" level="INFO">${result} = 42</msg>
<var>${result}</var>
<arg>6 * 7</arg>
<doc>Evaluates the given expression in Python and returns the result.</doc>
<status status="PASS" start="2025-09-06T16:07:30.701878" elapsed="0.000074"/>
</kw>
<kw name="Should Be Equal As Numbers" owner="BuiltIn">
<msg time="2025-09-06T16:07:30.702047" level="INFO">Argument types are:
&lt;class 'int'&gt;
&lt;class 'str'&gt;</msg>
<arg>${result}</arg>
<arg>42</arg>
<doc>Fails if objects are unequal after converting them to real numbers.</doc>
<status status="PASS" start="2025-09-06T16:07:30.702000" elapsed="0.000069"/>
</kw>
<doc>Test that basic multiplication works correctly</doc>
<tag>basic</tag>
<tag>math</tag>
<status status="PASS" start="2025-09-06T16:07:30.701738" elapsed="0.000378"/>
</test>
<test id="s1-s1-s1-t4" name="Test Basic Division" line="30">
<kw name="Evaluate" owner="BuiltIn">
<msg time="2025-09-06T16:07:30.702375" level="INFO">${result} = 5.0</msg>
<var>${result}</var>
<arg>15 / 3</arg>
<doc>Evaluates the given expression in Python and returns the result.</doc>
<status status="PASS" start="2025-09-06T16:07:30.702312" elapsed="0.000073"/>
</kw>
<kw name="Should Be Equal As Numbers" owner="BuiltIn">
<msg time="2025-09-06T16:07:30.702478" level="INFO">Argument types are:
&lt;class 'float'&gt;
&lt;class 'str'&gt;</msg>
<arg>${result}</arg>
<arg>5</arg>
<doc>Fails if objects are unequal after converting them to real numbers.</doc>
<status status="PASS" start="2025-09-06T16:07:30.702431" elapsed="0.000067"/>
</kw>
<doc>Test that basic division works correctly</doc>
<tag>basic</tag>
<tag>math</tag>
<status status="PASS" start="2025-09-06T16:07:30.702185" elapsed="0.000360"/>
</test>
<test id="s1-s1-s1-t5" name="Test String Operations" line="36">
<kw name="Set Variable" owner="BuiltIn">
<msg time="2025-09-06T16:07:30.702783" level="INFO">${text} = Hello World</msg>
<var>${text}</var>
<arg>Hello World</arg>
<doc>Returns the given values which can then be assigned to a variables.</doc>
<status status="PASS" start="2025-09-06T16:07:30.702737" elapsed="0.000056"/>
</kw>
<kw name="Convert To Lower Case" owner="String">
<msg time="2025-09-06T16:07:30.702890" level="INFO">${lower} = hello world</msg>
<var>${lower}</var>
<arg>${text}</arg>
<doc>Converts string to lower case.</doc>
<status status="PASS" start="2025-09-06T16:07:30.702839" elapsed="0.000061"/>
</kw>
<kw name="Should Be Equal" owner="BuiltIn">
<arg>${lower}</arg>
<arg>hello world</arg>
<doc>Fails if the given objects are unequal.</doc>
<status status="PASS" start="2025-09-06T16:07:30.702949" elapsed="0.000057"/>
</kw>
<kw name="Convert To Upper Case" owner="String">
<msg time="2025-09-06T16:07:30.703151" level="INFO">${upper} = HELLO WORLD</msg>
<var>${upper}</var>
<arg>${text}</arg>
<doc>Converts string to upper case.</doc>
<status status="PASS" start="2025-09-06T16:07:30.703051" elapsed="0.000117"/>
</kw>
<kw name="Should Be Equal" owner="BuiltIn">
<arg>${upper}</arg>
<arg>HELLO WORLD</arg>
<doc>Fails if the given objects are unequal.</doc>
<status status="PASS" start="2025-09-06T16:07:30.703247" elapsed="0.000079"/>
</kw>
<kw name="Replace String" owner="String">
<msg time="2025-09-06T16:07:30.703464" level="INFO">${replaced} = Hi World</msg>
<var>${replaced}</var>
<arg>${text}</arg>
<arg>Hello</arg>
<arg>Hi</arg>
<doc>Replaces ``search_for`` in the given ``string`` with ``replace_with``.</doc>
<status status="PASS" start="2025-09-06T16:07:30.703391" elapsed="0.000085"/>
</kw>
<kw name="Should Be Equal" owner="BuiltIn">
<arg>${replaced}</arg>
<arg>Hi World</arg>
<doc>Fails if the given objects are unequal.</doc>
<status status="PASS" start="2025-09-06T16:07:30.703585" elapsed="0.000061"/>
</kw>
<doc>Test various string operations</doc>
<tag>string</tag>
<status status="PASS" start="2025-09-06T16:07:30.702614" elapsed="0.001085"/>
</test>
<test id="s1-s1-s1-t6" name="Test List Operations" line="49">
<kw name="Create List" owner="BuiltIn">
<msg time="2025-09-06T16:07:30.704040" level="INFO">@{numbers} = [ 1 | 2 | 3 | 4 | 5 ]</msg>
<var>@{numbers}</var>
<arg>1</arg>
<arg>2</arg>
<arg>3</arg>
<arg>4</arg>
<arg>5</arg>
<doc>Returns a list containing given items.</doc>
<status status="PASS" start="2025-09-06T16:07:30.703951" elapsed="0.000104"/>
</kw>
<kw name="Get Length" owner="BuiltIn">
<msg time="2025-09-06T16:07:30.704183" level="INFO">Length is 5.</msg>
<msg time="2025-09-06T16:07:30.704212" level="INFO">${length} = 5</msg>
<var>${length}</var>
<arg>${numbers}</arg>
<doc>Returns and logs the length of the given item as an integer.</doc>
<status status="PASS" start="2025-09-06T16:07:30.704132" elapsed="0.000090"/>
</kw>
<kw name="Should Be Equal As Numbers" owner="BuiltIn">
<msg time="2025-09-06T16:07:30.704336" level="INFO">Argument types are:
&lt;class 'int'&gt;
&lt;class 'str'&gt;</msg>
<arg>${length}</arg>
<arg>5</arg>
<doc>Fails if objects are unequal after converting them to real numbers.</doc>
<status status="PASS" start="2025-09-06T16:07:30.704280" elapsed="0.000081"/>
</kw>
<kw name="Get From List" owner="Collections">
<msg time="2025-09-06T16:07:30.704479" level="INFO">${first} = 1</msg>
<var>${first}</var>
<arg>${numbers}</arg>
<arg>0</arg>
<doc>Returns the value specified with an ``index`` from ``list``.</doc>
<status status="PASS" start="2025-09-06T16:07:30.704417" elapsed="0.000072"/>
</kw>
<kw name="Should Be Equal As Numbers" owner="BuiltIn">
<arg>${first}</arg>
<arg>1</arg>
<doc>Fails if objects are unequal after converting them to real numbers.</doc>
<status status="PASS" start="2025-09-06T16:07:30.704542" elapsed="0.000060"/>
</kw>
<kw name="Append To List" owner="Collections">
<arg>${numbers}</arg>
<arg>6</arg>
<doc>Adds ``values`` to the end of ``list``.</doc>
<status status="PASS" start="2025-09-06T16:07:30.704650" elapsed="0.000049"/>
</kw>
<kw name="Get Length" owner="BuiltIn">
<msg time="2025-09-06T16:07:30.705047" level="INFO">Length is 6.</msg>
<msg time="2025-09-06T16:07:30.705076" level="INFO">${new_length} = 6</msg>
<var>${new_length}</var>
<arg>${numbers}</arg>
<doc>Returns and logs the length of the given item as an integer.</doc>
<status status="PASS" start="2025-09-06T16:07:30.705000" elapsed="0.000085"/>
</kw>
<kw name="Should Be Equal As Numbers" owner="BuiltIn">
<msg time="2025-09-06T16:07:30.705185" level="INFO">Argument types are:
&lt;class 'int'&gt;
&lt;class 'str'&gt;</msg>
<arg>${new_length}</arg>
<arg>6</arg>
<doc>Fails if objects are unequal after converting them to real numbers.</doc>
<status status="PASS" start="2025-09-06T16:07:30.705135" elapsed="0.000070"/>
</kw>
<doc>Test list operations and collections</doc>
<tag>collections</tag>
<status status="PASS" start="2025-09-06T16:07:30.703779" elapsed="0.001479"/>
</test>
<test id="s1-s1-s1-t7" name="Test Data-Driven Calculations" line="63">
<kw name="Verify Calculation">
<kw name="Setup Calculator">
<kw name="Set Global Variable" owner="BuiltIn">
<msg time="2025-09-06T16:07:30.706040" level="INFO">${CALCULATOR_RESULT} = 0</msg>
<arg>${CALCULATOR_RESULT}</arg>
<arg>0</arg>
<doc>Makes a variable available globally in all tests and suites.</doc>
<status status="PASS" start="2025-09-06T16:07:30.705942" elapsed="0.000116"/>
</kw>
<kw name="Set Global Variable" owner="BuiltIn">
<msg time="2025-09-06T16:07:30.706328" level="INFO">${ERROR_MESSAGE} = </msg>
<arg>${ERROR_MESSAGE}</arg>
<arg>${EMPTY}</arg>
<doc>Makes a variable available globally in all tests and suites.</doc>
<status status="PASS" start="2025-09-06T16:07:30.706101" elapsed="0.000245"/>
</kw>
<doc>Initialize calculator for testing</doc>
<status status="PASS" start="2025-09-06T16:07:30.705852" elapsed="0.000521"/>
</kw>
<kw name="Enter Number">
<kw name="Log" owner="BuiltIn">
<msg time="2025-09-06T16:07:30.706565" level="INFO">Entering number: 2</msg>
<arg>Entering number: ${number}</arg>
<doc>Logs the given message with the given level.</doc>
<status status="PASS" start="2025-09-06T16:07:30.706516" elapsed="0.000067"/>
</kw>
<arg>${first}</arg>
<doc>Enter a number (simulated)</doc>
<status status="PASS" start="2025-09-06T16:07:30.706421" elapsed="0.000184"/>
</kw>
<kw name="Enter Number">
<kw name="Log" owner="BuiltIn">
<msg time="2025-09-06T16:07:30.706783" level="INFO">Entering number: 3</msg>
<arg>Entering number: ${number}</arg>
<doc>Logs the given message with the given level.</doc>
<status status="PASS" start="2025-09-06T16:07:30.706738" elapsed="0.000061"/>
</kw>
<arg>${second}</arg>
<doc>Enter a number (simulated)</doc>
<status status="PASS" start="2025-09-06T16:07:30.706647" elapsed="0.000172"/>
</kw>
<kw name="Run Keyword" owner="BuiltIn">
<kw name="Perform Add">
<kw name="Evaluate" owner="BuiltIn">
<msg time="2025-09-06T16:07:30.707104" level="INFO">${result} = 5</msg>
<var>${result}</var>
<arg>${CALCULATOR_RESULT} + 5</arg>
<doc>Evaluates the given expression in Python and returns the result.</doc>
<status status="PASS" start="2025-09-06T16:07:30.707013" elapsed="0.000102"/>
</kw>
<kw name="Set Global Variable" owner="BuiltIn">
<msg time="2025-09-06T16:07:30.707240" level="INFO">${CALCULATOR_RESULT} = 5</msg>
<arg>${CALCULATOR_RESULT}</arg>
<arg>${result}</arg>
<doc>Makes a variable available globally in all tests and suites.</doc>
<status status="PASS" start="2025-09-06T16:07:30.707153" elapsed="0.000102"/>
</kw>
<doc>Perform addition operation</doc>
<status status="PASS" start="2025-09-06T16:07:30.706936" elapsed="0.000340"/>
</kw>
<arg>Perform ${operation}</arg>
<doc>Executes the given keyword with the given arguments.</doc>
<status status="PASS" start="2025-09-06T16:07:30.706853" elapsed="0.000438"/>
</kw>
<kw name="Get Variable Value" owner="BuiltIn">
<msg time="2025-09-06T16:07:30.707394" level="INFO">${CALCULATOR_RESULT} = 5</msg>
<var>${CALCULATOR_RESULT}</var>
<arg>${CALCULATOR_RESULT}</arg>
<doc>Returns variable value or ``default`` if the variable does not exist.</doc>
<status status="PASS" start="2025-09-06T16:07:30.707327" elapsed="0.000077"/>
</kw>
<kw name="Should Be Equal As Numbers" owner="BuiltIn">
<msg time="2025-09-06T16:07:30.707493" level="INFO">Argument types are:
&lt;class 'int'&gt;
&lt;class 'str'&gt;</msg>
<arg>${CALCULATOR_RESULT}</arg>
<arg>${expected}</arg>
<doc>Fails if objects are unequal after converting them to real numbers.</doc>
<status status="PASS" start="2025-09-06T16:07:30.707440" elapsed="0.000075"/>
</kw>
<arg>2</arg>
<arg>3</arg>
<arg>add</arg>
<arg>5</arg>
<doc>Template keyword for testing calculations</doc>
<status status="PASS" start="2025-09-06T16:07:30.705674" elapsed="0.001863"/>
</kw>
<kw name="Verify Calculation">
<kw name="Setup Calculator">
<kw name="Set Global Variable" owner="BuiltIn">
<msg time="2025-09-06T16:07:30.707874" level="INFO">${CALCULATOR_RESULT} = 0</msg>
<arg>${CALCULATOR_RESULT}</arg>
<arg>0</arg>
<doc>Makes a variable available globally in all tests and suites.</doc>
<status status="PASS" start="2025-09-06T16:07:30.707798" elapsed="0.000091"/>
</kw>
<kw name="Set Global Variable" owner="BuiltIn">
<msg time="2025-09-06T16:07:30.708123" level="INFO">${ERROR_MESSAGE} = </msg>
<arg>${ERROR_MESSAGE}</arg>
<arg>${EMPTY}</arg>
<doc>Makes a variable available globally in all tests and suites.</doc>
<status status="PASS" start="2025-09-06T16:07:30.707926" elapsed="0.000213"/>
</kw>
<doc>Initialize calculator for testing</doc>
<status status="PASS" start="2025-09-06T16:07:30.707723" elapsed="0.000436"/>
</kw>
<kw name="Enter Number">
<kw name="Log" owner="BuiltIn">
<msg time="2025-09-06T16:07:30.708331" level="INFO">Entering number: 10</msg>
<arg>Entering number: ${number}</arg>
<doc>Logs the given message with the given level.</doc>
<status status="PASS" start="2025-09-06T16:07:30.708289" elapsed="0.000058"/>
</kw>
<arg>${first}</arg>
<doc>Enter a number (simulated)</doc>
<status status="PASS" start="2025-09-06T16:07:30.708199" elapsed="0.000166"/>
</kw>
<kw name="Enter Number">
<kw name="Log" owner="BuiltIn">
<msg time="2025-09-06T16:07:30.708529" level="INFO">Entering number: 4</msg>
<arg>Entering number: ${number}</arg>
<doc>Logs the given message with the given level.</doc>
<status status="PASS" start="2025-09-06T16:07:30.708489" elapsed="0.000054"/>
</kw>
<arg>${second}</arg>
<doc>Enter a number (simulated)</doc>
<status status="PASS" start="2025-09-06T16:07:30.708404" elapsed="0.000157"/>
</kw>
<kw name="Run Keyword" owner="BuiltIn">
<kw name="Perform Subtract">
<kw name="Evaluate" owner="BuiltIn">
<msg time="2025-09-06T16:07:30.708792" level="INFO">${result} = 6</msg>
<var>${result}</var>
<arg>10 - 4</arg>
<doc>Evaluates the given expression in Python and returns the result.</doc>
<status status="PASS" start="2025-09-06T16:07:30.708736" elapsed="0.000066"/>
</kw>
<kw name="Set Global Variable" owner="BuiltIn">
<msg time="2025-09-06T16:07:30.708922" level="INFO">${CALCULATOR_RESULT} = 6</msg>
<arg>${CALCULATOR_RESULT}</arg>
<arg>${result}</arg>
<doc>Makes a variable available globally in all tests and suites.</doc>
<status status="PASS" start="2025-09-06T16:07:30.708838" elapsed="0.000099"/>
</kw>
<doc>Perform subtraction operation</doc>
<status status="PASS" start="2025-09-06T16:07:30.708665" elapsed="0.000291"/>
</kw>
<arg>Perform ${operation}</arg>
<doc>Executes the given keyword with the given arguments.</doc>
<status status="PASS" start="2025-09-06T16:07:30.708593" elapsed="0.000378"/>
</kw>
<kw name="Get Variable Value" owner="BuiltIn">
<msg time="2025-09-06T16:07:30.709073" level="INFO">${CALCULATOR_RESULT} = 6</msg>
<var>${CALCULATOR_RESULT}</var>
<arg>${CALCULATOR_RESULT}</arg>
<doc>Returns variable value or ``default`` if the variable does not exist.</doc>
<status status="PASS" start="2025-09-06T16:07:30.709007" elapsed="0.000075"/>
</kw>
<kw name="Should Be Equal As Numbers" owner="BuiltIn">
<msg time="2025-09-06T16:07:30.709171" level="INFO">Argument types are:
&lt;class 'int'&gt;
&lt;class 'str'&gt;</msg>
<arg>${CALCULATOR_RESULT}</arg>
<arg>${expected}</arg>
<doc>Fails if objects are unequal after converting them to real numbers.</doc>
<status status="PASS" start="2025-09-06T16:07:30.709119" elapsed="0.000073"/>
</kw>
<arg>10</arg>
<arg>4</arg>
<arg>subtract</arg>
<arg>6</arg>
<doc>Template keyword for testing calculations</doc>
<status status="PASS" start="2025-09-06T16:07:30.707612" elapsed="0.001667"/>
</kw>
<kw name="Verify Calculation">
<kw name="Setup Calculator">
<kw name="Set Global Variable" owner="BuiltIn">
<msg time="2025-09-06T16:07:30.709686" level="INFO">${CALCULATOR_RESULT} = 0</msg>
<arg>${CALCULATOR_RESULT}</arg>
<arg>0</arg>
<doc>Makes a variable available globally in all tests and suites.</doc>
<status status="PASS" start="2025-09-06T16:07:30.709605" elapsed="0.000097"/>
</kw>
<kw name="Set Global Variable" owner="BuiltIn">
<msg time="2025-09-06T16:07:30.710303" level="INFO">${ERROR_MESSAGE} = </msg>
<arg>${ERROR_MESSAGE}</arg>
<arg>${EMPTY}</arg>
<doc>Makes a variable available globally in all tests and suites.</doc>
<status status="PASS" start="2025-09-06T16:07:30.709740" elapsed="0.000906"/>
</kw>
<doc>Initialize calculator for testing</doc>
<status status="PASS" start="2025-09-06T16:07:30.709530" elapsed="0.001512"/>
</kw>
<kw name="Enter Number">
<kw name="Log" owner="BuiltIn">
<msg time="2025-09-06T16:07:30.711535" level="INFO">Entering number: 6</msg>
<arg>Entering number: ${number}</arg>
<doc>Logs the given message with the given level.</doc>
<status status="PASS" start="2025-09-06T16:07:30.711356" elapsed="0.000208"/>
</kw>
<arg>${first}</arg>
<doc>Enter a number (simulated)</doc>
<status status="PASS" start="2025-09-06T16:07:30.711181" elapsed="0.000413"/>
</kw>
<kw name="Enter Number">
<kw name="Log" owner="BuiltIn">
<msg time="2025-09-06T16:07:30.711823" level="INFO">Entering number: 7</msg>
<arg>Entering number: ${number}</arg>
<doc>Logs the given message with the given level.</doc>
<status status="PASS" start="2025-09-06T16:07:30.711770" elapsed="0.000072"/>
</kw>
<arg>${second}</arg>
<doc>Enter a number (simulated)</doc>
<status status="PASS" start="2025-09-06T16:07:30.711653" elapsed="0.000212"/>
</kw>
<kw name="Run Keyword" owner="BuiltIn">
<kw name="Perform Multiply">
<kw name="Evaluate" owner="BuiltIn">
<msg time="2025-09-06T16:07:30.712204" level="INFO">${result} = 42</msg>
<var>${result}</var>
<arg>6 * 7</arg>
<doc>Evaluates the given expression in Python and returns the result.</doc>
<status status="PASS" start="2025-09-06T16:07:30.712107" elapsed="0.000108"/>
</kw>
<kw name="Set Global Variable" owner="BuiltIn">
<msg time="2025-09-06T16:07:30.712355" level="INFO">${CALCULATOR_RESULT} = 42</msg>
<arg>${CALCULATOR_RESULT}</arg>
<arg>${result}</arg>
<doc>Makes a variable available globally in all tests and suites.</doc>
<status status="PASS" start="2025-09-06T16:07:30.712257" elapsed="0.000140"/>
</kw>
<doc>Perform multiplication operation</doc>
<status status="PASS" start="2025-09-06T16:07:30.712021" elapsed="0.000400"/>
</kw>
<arg>Perform ${operation}</arg>
<doc>Executes the given keyword with the given arguments.</doc>
<status status="PASS" start="2025-09-06T16:07:30.711907" elapsed="0.000530"/>
</kw>
<kw name="Get Variable Value" owner="BuiltIn">
<msg time="2025-09-06T16:07:30.712550" level="INFO">${CALCULATOR_RESULT} = 42</msg>
<var>${CALCULATOR_RESULT}</var>
<arg>${CALCULATOR_RESULT}</arg>
<doc>Returns variable value or ``default`` if the variable does not exist.</doc>
<status status="PASS" start="2025-09-06T16:07:30.712476" elapsed="0.000083"/>
</kw>
<kw name="Should Be Equal As Numbers" owner="BuiltIn">
<msg time="2025-09-06T16:07:30.712659" level="INFO">Argument types are:
&lt;class 'int'&gt;
&lt;class 'str'&gt;</msg>
<arg>${CALCULATOR_RESULT}</arg>
<arg>${expected}</arg>
<doc>Fails if objects are unequal after converting them to real numbers.</doc>
<status status="PASS" start="2025-09-06T16:07:30.712597" elapsed="0.000091"/>
</kw>
<arg>6</arg>
<arg>7</arg>
<arg>multiply</arg>
<arg>42</arg>
<doc>Template keyword for testing calculations</doc>
<status status="PASS" start="2025-09-06T16:07:30.709414" elapsed="0.003296"/>
</kw>
<kw name="Verify Calculation">
<kw name="Setup Calculator">
<kw name="Set Global Variable" owner="BuiltIn">
<msg time="2025-09-06T16:07:30.713094" level="INFO">${CALCULATOR_RESULT} = 0</msg>
<arg>${CALCULATOR_RESULT}</arg>
<arg>0</arg>
<doc>Makes a variable available globally in all tests and suites.</doc>
<status status="PASS" start="2025-09-06T16:07:30.713010" elapsed="0.000099"/>
</kw>
<kw name="Set Global Variable" owner="BuiltIn">
<msg time="2025-09-06T16:07:30.713374" level="INFO">${ERROR_MESSAGE} = </msg>
<arg>${ERROR_MESSAGE}</arg>
<arg>${EMPTY}</arg>
<doc>Makes a variable available globally in all tests and suites.</doc>
<status status="PASS" start="2025-09-06T16:07:30.713148" elapsed="0.000244"/>
</kw>
<doc>Initialize calculator for testing</doc>
<status status="PASS" start="2025-09-06T16:07:30.712935" elapsed="0.000482"/>
</kw>
<kw name="Enter Number">
<kw name="Log" owner="BuiltIn">
<msg time="2025-09-06T16:07:30.713603" level="INFO">Entering number: 15</msg>
<arg>Entering number: ${number}</arg>
<doc>Logs the given message with the given level.</doc>
<status status="PASS" start="2025-09-06T16:07:30.713556" elapsed="0.000063"/>
</kw>
<arg>${first}</arg>
<doc>Enter a number (simulated)</doc>
<status status="PASS" start="2025-09-06T16:07:30.713463" elapsed="0.000176"/>
</kw>
<kw name="Enter Number">
<kw name="Log" owner="BuiltIn">
<msg time="2025-09-06T16:07:30.713807" level="INFO">Entering number: 3</msg>
<arg>Entering number: ${number}</arg>
<doc>Logs the given message with the given level.</doc>
<status status="PASS" start="2025-09-06T16:07:30.713766" elapsed="0.000056"/>
</kw>
<arg>${second}</arg>
<doc>Enter a number (simulated)</doc>
<status status="PASS" start="2025-09-06T16:07:30.713677" elapsed="0.000163"/>
</kw>
<kw name="Run Keyword" owner="BuiltIn">
<kw name="Perform Divide">
<kw name="Evaluate" owner="BuiltIn">
<msg time="2025-09-06T16:07:30.714077" level="INFO">${result} = 5.0</msg>
<var>${result}</var>
<arg>15 / 3</arg>
<doc>Evaluates the given expression in Python and returns the result.</doc>
<status status="PASS" start="2025-09-06T16:07:30.714012" elapsed="0.000075"/>
</kw>
<kw name="Set Global Variable" owner="BuiltIn">
<msg time="2025-09-06T16:07:30.714201" level="INFO">${CALCULATOR_RESULT} = 5.0</msg>
<arg>${CALCULATOR_RESULT}</arg>
<arg>${result}</arg>
<doc>Makes a variable available globally in all tests and suites.</doc>
<status status="PASS" start="2025-09-06T16:07:30.714120" elapsed="0.000094"/>
</kw>
<doc>Perform division operation</doc>
<status status="PASS" start="2025-09-06T16:07:30.713942" elapsed="0.000291"/>
</kw>
<arg>Perform ${operation}</arg>
<doc>Executes the given keyword with the given arguments.</doc>
<status status="PASS" start="2025-09-06T16:07:30.713873" elapsed="0.000375"/>
</kw>
<kw name="Get Variable Value" owner="BuiltIn">
<msg time="2025-09-06T16:07:30.714342" level="INFO">${CALCULATOR_RESULT} = 5.0</msg>
<var>${CALCULATOR_RESULT}</var>
<arg>${CALCULATOR_RESULT}</arg>
<doc>Returns variable value or ``default`` if the variable does not exist.</doc>
<status status="PASS" start="2025-09-06T16:07:30.714281" elapsed="0.000069"/>
</kw>
<kw name="Should Be Equal As Numbers" owner="BuiltIn">
<msg time="2025-09-06T16:07:30.714435" level="INFO">Argument types are:
&lt;class 'float'&gt;
&lt;class 'str'&gt;</msg>
<arg>${CALCULATOR_RESULT}</arg>
<arg>${expected}</arg>
<doc>Fails if objects are unequal after converting them to real numbers.</doc>
<status status="PASS" start="2025-09-06T16:07:30.714384" elapsed="0.000071"/>
</kw>
<arg>15</arg>
<arg>3</arg>
<arg>divide</arg>
<arg>5</arg>
<doc>Template keyword for testing calculations</doc>
<status status="PASS" start="2025-09-06T16:07:30.712814" elapsed="0.001660"/>
</kw>
<doc>Test calculations with multiple data sets</doc>
<tag>data-driven</tag>
<tag>math</tag>
<status status="PASS" start="2025-09-06T16:07:30.705337" elapsed="0.009200"/>
</test>
<test id="s1-s1-s1-t8" name="Test Complex Scenario" line="72">
<kw name="Setup Calculator">
<kw name="Set Global Variable" owner="BuiltIn">
<msg time="2025-09-06T16:07:30.714937" level="INFO">${CALCULATOR_RESULT} = 0</msg>
<arg>${CALCULATOR_RESULT}</arg>
<arg>0</arg>
<doc>Makes a variable available globally in all tests and suites.</doc>
<status status="PASS" start="2025-09-06T16:07:30.714865" elapsed="0.000087"/>
</kw>
<kw name="Set Global Variable" owner="BuiltIn">
<msg time="2025-09-06T16:07:30.715221" level="INFO">${ERROR_MESSAGE} = </msg>
<arg>${ERROR_MESSAGE}</arg>
<arg>${EMPTY}</arg>
<doc>Makes a variable available globally in all tests and suites.</doc>
<status status="PASS" start="2025-09-06T16:07:30.715033" elapsed="0.000204"/>
</kw>
<doc>Initialize calculator for testing</doc>
<status status="PASS" start="2025-09-06T16:07:30.714785" elapsed="0.000474"/>
</kw>
<kw name="Enter Number">
<kw name="Log" owner="BuiltIn">
<msg time="2025-09-06T16:07:30.715439" level="INFO">Entering number: 100</msg>
<arg>Entering number: ${number}</arg>
<doc>Logs the given message with the given level.</doc>
<status status="PASS" start="2025-09-06T16:07:30.715394" elapsed="0.000060"/>
</kw>
<arg>100</arg>
<doc>Enter a number (simulated)</doc>
<status status="PASS" start="2025-09-06T16:07:30.715313" elapsed="0.000160"/>
</kw>
<kw name="Enter Number">
<kw name="Log" owner="BuiltIn">
<msg time="2025-09-06T16:07:30.715646" level="INFO">Entering number: 50</msg>
<arg>Entering number: ${number}</arg>
<doc>Logs the given message with the given level.</doc>
<status status="PASS" start="2025-09-06T16:07:30.715605" elapsed="0.000057"/>
</kw>
<arg>50</arg>
<doc>Enter a number (simulated)</doc>
<status status="PASS" start="2025-09-06T16:07:30.715524" elapsed="0.000156"/>
</kw>
<kw name="Perform Complex Operation">
<kw name="Sleep" owner="BuiltIn">
<msg time="2025-09-06T16:07:30.815972" level="INFO">Slept 100 milliseconds.</msg>
<arg>0.1s</arg>
<doc>Pauses the test executed for the given time.</doc>
<status status="PASS" start="2025-09-06T16:07:30.715806" elapsed="0.100271"/>
</kw>
<kw name="Evaluate" owner="BuiltIn">
<msg time="2025-09-06T16:07:30.816447" level="INFO">${result} = 290</msg>
<var>${result}</var>
<arg>(100 + 50) * 2 - 10</arg>
<doc>Evaluates the given expression in Python and returns the result.</doc>
<status status="PASS" start="2025-09-06T16:07:30.816224" elapsed="0.000245"/>
</kw>
<kw name="Set Global Variable" owner="BuiltIn">
<msg time="2025-09-06T16:07:30.816730" level="INFO">${CALCULATOR_RESULT} = 290</msg>
<arg>${CALCULATOR_RESULT}</arg>
<arg>${result}</arg>
<doc>Makes a variable available globally in all tests and suites.</doc>
<status status="PASS" start="2025-09-06T16:07:30.816556" elapsed="0.000203"/>
</kw>
<doc>Perform a complex calculation</doc>
<status status="PASS" start="2025-09-06T16:07:30.715736" elapsed="0.101068"/>
</kw>
<kw name="Result Should Be Positive">
<kw name="Should Be True" owner="BuiltIn">
<arg>${CALCULATOR_RESULT} &gt; 0</arg>
<doc>Fails if the given condition is not true.</doc>
<status status="PASS" start="2025-09-06T16:07:30.817113" elapsed="0.000133"/>
</kw>
<doc>Verify that the result is positive</doc>
<status status="PASS" start="2025-09-06T16:07:30.816955" elapsed="0.000330"/>
</kw>
<doc>Test a complex scenario with multiple steps</doc>
<tag>complex</tag>
<tag>slow</tag>
<status status="PASS" start="2025-09-06T16:07:30.714628" elapsed="0.102752"/>
</test>
<test id="s1-s1-s1-t9" name="Test Error Handling" line="81">
<kw name="Setup Calculator">
<kw name="Set Global Variable" owner="BuiltIn">
<msg time="2025-09-06T16:07:30.818247" level="INFO">${CALCULATOR_RESULT} = 0</msg>
<arg>${CALCULATOR_RESULT}</arg>
<arg>0</arg>
<doc>Makes a variable available globally in all tests and suites.</doc>
<status status="PASS" start="2025-09-06T16:07:30.818112" elapsed="0.000164"/>
</kw>
<kw name="Set Global Variable" owner="BuiltIn">
<msg time="2025-09-06T16:07:30.818706" level="INFO">${ERROR_MESSAGE} = </msg>
<arg>${ERROR_MESSAGE}</arg>
<arg>${EMPTY}</arg>
<doc>Makes a variable available globally in all tests and suites.</doc>
<status status="PASS" start="2025-09-06T16:07:30.818345" elapsed="0.000390"/>
</kw>
<doc>Initialize calculator for testing</doc>
<status status="PASS" start="2025-09-06T16:07:30.817784" elapsed="0.000991"/>
</kw>
<kw name="Enter Number">
<kw name="Log" owner="BuiltIn">
<msg time="2025-09-06T16:07:30.819126" level="INFO">Entering number: 10</msg>
<arg>Entering number: ${number}</arg>
<doc>Logs the given message with the given level.</doc>
<status status="PASS" start="2025-09-06T16:07:30.819042" elapsed="0.000114"/>
</kw>
<arg>10</arg>
<doc>Enter a number (simulated)</doc>
<status status="PASS" start="2025-09-06T16:07:30.818880" elapsed="0.000312"/>
</kw>
<kw name="Enter Number">
<kw name="Log" owner="BuiltIn">
<msg time="2025-09-06T16:07:30.819508" level="INFO">Entering number: 0</msg>
<arg>Entering number: ${number}</arg>
<doc>Logs the given message with the given level.</doc>
<status status="PASS" start="2025-09-06T16:07:30.819432" elapsed="0.000105"/>
</kw>
<arg>0</arg>
<doc>Enter a number (simulated)</doc>
<status status="PASS" start="2025-09-06T16:07:30.819287" elapsed="0.000283"/>
</kw>
<kw name="Run Keyword And Expect Error" owner="BuiltIn">
<kw name="Perform Division">
<kw name="Evaluate" owner="BuiltIn">
<msg time="2025-09-06T16:07:30.820273" level="FAIL">Evaluating expression '10 / 0' failed: ZeroDivisionError: division by zero</msg>
<var>${result}</var>
<arg>10 / 0</arg>
<doc>Evaluates the given expression in Python and returns the result.</doc>
<status status="FAIL" start="2025-09-06T16:07:30.820040" elapsed="0.000470">Evaluating expression '10 / 0' failed: ZeroDivisionError: division by zero</status>
</kw>
<kw name="Set Global Variable" owner="BuiltIn">
<arg>${CALCULATOR_RESULT}</arg>
<arg>${result}</arg>
<doc>Makes a variable available globally in all tests and suites.</doc>
<status status="NOT RUN" start="2025-09-06T16:07:30.820609" elapsed="0.000015"/>
</kw>
<doc>Perform division with error handling</doc>
<status status="FAIL" start="2025-09-06T16:07:30.819761" elapsed="0.000952">Evaluating expression '10 / 0' failed: ZeroDivisionError: division by zero</status>
</kw>
<arg>*</arg>
<arg>Perform Division</arg>
<doc>Runs the keyword and checks that the expected error occurred.</doc>
<status status="PASS" start="2025-09-06T16:07:30.819655" elapsed="0.001200"/>
</kw>
<kw name="Should Not Be Empty" owner="BuiltIn">
<msg time="2025-09-06T16:07:30.821034" level="INFO">Length is 0.</msg>
<msg time="2025-09-06T16:07:30.821087" level="FAIL">'' should not be empty.</msg>
<arg>${ERROR_MESSAGE}</arg>
<doc>Verifies that the given item is not empty.</doc>
<status status="FAIL" start="2025-09-06T16:07:30.820947" elapsed="0.000186">'' should not be empty.</status>
</kw>
<doc>Test error handling scenarios</doc>
<tag>error_handling</tag>
<status status="FAIL" start="2025-09-06T16:07:30.817522" elapsed="0.003734">'' should not be empty.</status>
</test>
<doc>Sample Robot Framework tests for the agnostic test runner</doc>
<status status="FAIL" start="2025-09-06T16:07:30.694583" elapsed="0.126958"/>
</suite>
<status status="FAIL" start="2025-09-06T16:07:30.694093" elapsed="0.128098"/>
</suite>
<status status="FAIL" start="2025-09-06T16:07:30.677321" elapsed="0.145268"/>
</suite>
<statistics>
<total>
<stat pass="8" fail="1" skip="0">All Tests</stat>
</total>
<tag>
<stat pass="4" fail="0" skip="0">basic</stat>
<stat pass="1" fail="0" skip="0">collections</stat>
<stat pass="1" fail="0" skip="0">complex</stat>
<stat pass="1" fail="0" skip="0">data-driven</stat>
<stat pass="0" fail="1" skip="0">error_handling</stat>
<stat pass="5" fail="0" skip="0">math</stat>
<stat pass="1" fail="0" skip="0">slow</stat>
<stat pass="1" fail="0" skip="0">string</stat>
</tag>
<suite>
<stat name="Robot Test Suite - examples" id="s1" pass="8" fail="1" skip="0">Robot Test Suite - examples</stat>
<stat name="Robot" id="s1-s1" pass="8" fail="1" skip="0">Robot Test Suite - examples.Robot</stat>
<stat name="Robot Examples" id="s1-s1-s1" pass="8" fail="1" skip="0">Robot Test Suite - examples.Robot.Robot Examples</stat>
</suite>
</statistics>
<errors>
</errors>
</robot>
